-------------------------------------------------------------------------------
Test set: com.ehizman.scrumretroboard.controller.CommentControllerTest
-------------------------------------------------------------------------------
Tests run: 2, Failures: 0, Errors: 2, Skipped: 0, Time elapsed: 0.666 s <<< FAILURE! - in com.ehizman.scrumretroboard.controller.CommentControllerTest
saveComments  Time elapsed: 0 s  <<< ERROR!
java.lang.IllegalStateException: Failed to load ApplicationContext
Caused by: org.springframework.beans.factory.UnsatisfiedDependencyException: Error creating bean with name 'commentController' defined in file [/home/anina/IdeaProjects/scrum-retro-board/target/classes/com/ehizman/scrumretroboard/controller/CommentController.class]: Unsatisfied dependency expressed through constructor parameter 1; nested exception is org.springframework.beans.factory.NoSuchBeanDefinitionException: No qualifying bean of type 'com.ehizman.scrumretroboard.config.AuditAwareImpl' available: expected at least 1 bean which qualifies as autowire candidate. Dependency annotations: {}
Caused by: org.springframework.beans.factory.NoSuchBeanDefinitionException: No qualifying bean of type 'com.ehizman.scrumretroboard.config.AuditAwareImpl' available: expected at least 1 bean which qualifies as autowire candidate. Dependency annotations: {}

getComments  Time elapsed: 0 s  <<< ERROR!
java.lang.IllegalStateException: Failed to load ApplicationContext
Caused by: org.springframework.beans.factory.UnsatisfiedDependencyException: Error creating bean with name 'commentController' defined in file [/home/anina/IdeaProjects/scrum-retro-board/target/classes/com/ehizman/scrumretroboard/controller/CommentController.class]: Unsatisfied dependency expressed through constructor parameter 1; nested exception is org.springframework.beans.factory.NoSuchBeanDefinitionException: No qualifying bean of type 'com.ehizman.scrumretroboard.config.AuditAwareImpl' available: expected at least 1 bean which qualifies as autowire candidate. Dependency annotations: {}
Caused by: org.springframework.beans.factory.NoSuchBeanDefinitionException: No qualifying bean of type 'com.ehizman.scrumretroboard.config.AuditAwareImpl' available: expected at least 1 bean which qualifies as autowire candidate. Dependency annotations: {}

